#
# There is insufficient memory for the Java Runtime Environment to continue.
# Native memory allocation (mmap) failed to map 123731968 bytes for G1 virtual space
# Possible reasons:
#   The system is out of physical RAM or swap space
#   The process is running with CompressedOops enabled, and the Java Heap may be blocking the growth of the native heap
# Possible solutions:
#   Reduce memory load on the system
#   Increase physical memory or swap space
#   Check if swap backing store is full
#   Decrease Java heap size (-Xmx/-Xms)
#   Decrease number of Java threads
#   Decrease Java thread stack sizes (-Xss)
#   Set larger code cache with -XX:ReservedCodeCacheSize=
#   JVM is running with Unscaled Compressed Oops mode in which the Java heap is
#     placed in the first 4GB address space. The Java Heap base address is the
#     maximum limit for the native heap growth. Please use -XX:HeapBaseMinAddress
#     to set the Java Heap base and to place the Java Heap above 4GB virtual address.
# This output file may be truncated or incomplete.
#
#  Out of Memory Error (os_windows.cpp:3530), pid=1632, tid=22292
#
# JRE version:  (18.0.2+9) (build )
# Java VM: Java HotSpot(TM) 64-Bit Server VM (18.0.2+9-61, mixed mode, sharing, tiered, compressed oops, compressed class ptrs, g1 gc, windows-amd64)
# No core dump will be written. Minidumps are not enabled by default on client versions of Windows
#

---------------  S U M M A R Y ------------

Command Line: -Dfile.encoding=UTF-8 --module-path=C:\Users\satya\OneDrive\Documents\NetBeansProjects\library management system\build\classes statistics

Host: AMD Ryzen 5 4600H with Radeon Graphics         , 12 cores, 7G,  Windows 11 , 64 bit Build 22000 (10.0.22000.1335)
Time: Sat Jan  7 17:22:51 2023 India Standard Time elapsed time: 0.014327 seconds (0d 0h 0m 0s)

---------------  T H R E A D  ---------------

Current thread (0x000001efd5a83100):  JavaThread "Unknown thread" [_thread_in_vm, id=22292, stack(0x000000d112500000,0x000000d112600000)]

Stack: [0x000000d112500000,0x000000d112600000]
Native frames: (J=compiled Java code, j=interpreted, Vv=VM code, C=native code)
V  [jvm.dll+0x6993ca]
V  [jvm.dll+0x7f481d]
V  [jvm.dll+0x7f612e]
V  [jvm.dll+0x7f67e3]
V  [jvm.dll+0x25cdaf]
V  [jvm.dll+0x696319]
V  [jvm.dll+0x68ae4a]
V  [jvm.dll+0x3223eb]
V  [jvm.dll+0x329dc6]
V  [jvm.dll+0x37eade]
V  [jvm.dll+0x37ed0f]
V  [jvm.dll+0x2fa16a]
V  [jvm.dll+0x2fb1cd]
V  [jvm.dll+0x7c3450]
V  [jvm.dll+0x38be61]
V  [jvm.dll+0x7a2073]
V  [jvm.dll+0x40dc3f]
V  [jvm.dll+0x40f611]
C  [jli.dll+0x526b]
C  [ucrtbase.dll+0x26c0c]
C  [KERNEL32.DLL+0x155a0]
C  [ntdll.dll+0x485b]


---------------  P R O C E S S  ---------------

Threads class SMR info:
_java_thread_list=0x00007ffd507fe550, length=0, elements={
}

Java Threads: ( => current thread )

Other Threads:
  0x000001efd5ae1590 WorkerThread "GC Thread#0" [stack: 0x000000d112600000,0x000000d112700000] [id=18084]
  0x000001efd5af10c0 ConcurrentGCThread "G1 Main Marker" [stack: 0x000000d112700000,0x000000d112800000] [id=17920]
  0x000001efd5af3b20 WorkerThread "G1 Conc#0" [stack: 0x000000d112800000,0x000000d112900000] [id=21568]

[error occurred during error reporting (printing all threads), id 0xc0000005, EXCEPTION_ACCESS_VIOLATION (0xc0000005) at pc=0x00007ffd5002a707]

VM state: not at safepoint (not fully initialized)

VM Mutex/Monitor currently owned by a thread:  ([mutex/lock_event])
[0x000001efd5a7ebc0] Heap_lock - owner thread: 0x000001efd5a83100

Heap address: 0x000000008a000000, size: 1888 MB, Compressed Oops mode: 32-bit

CDS archive(s) mapped at: [0x0000000000000000-0x0000000000000000-0x0000000000000000), size 0, SharedBaseAddress: 0x0000000800000000, ArchiveRelocationMode: 0.
Narrow klass base: 0x0000000000000000, Narrow klass shift: 0, Narrow klass range: 0x0

GC Precious Log:
 CardTable entry size: 512
 Card Set container configuration: InlinePtr #cards 5 size 8 Array Of Cards #cards 12 size 40 Howl #buckets 4 coarsen threshold 1843 Howl Bitmap #cards 512 size 80 coarsen threshold 460 Card regions per heap region 1 cards per card region 2048

Heap:
 garbage-first heap   total 0K, used 0K [0x000000008a000000, 0x0000000100000000)
  region size 1024K, 0 young (0K), 0 survivors (0K)

[error occurred during error reporting (printing heap information), id 0xc0000005, EXCEPTION_ACCESS_VIOLATION (0xc0000005) at pc=0x00007ffd50411859]

GC Heap History (0 events):
No events

Deoptimization events (0 events):
No events

Classes loaded (0 events):
No events

Classes unloaded (0 events):
No events

Classes redefined (0 events):
No events

Internal exceptions (0 events):
No events

VM Operations (0 events):
No events

Events (1 events):
Event: 0.010 Loaded shared library C:\Program Files\Java\jdk-18.0.2\bin\java.dll


Dynamic libraries:
0x00007ff662490000 - 0x00007ff6624a0000 	C:\Program Files\Java\jdk-18.0.2\bin\java.exe
0x00007ffdadc00000 - 0x00007ffdade09000 	C:\WINDOWS\SYSTEM32\ntdll.dll
0x00007ffdabe60000 - 0x00007ffdabf1e000 	C:\WINDOWS\System32\KERNEL32.DLL
0x00007ffdab5e0000 - 0x00007ffdab95b000 	C:\WINDOWS\System32\KERNELBASE.dll
0x00007ffdab960000 - 0x00007ffdaba71000 	C:\WINDOWS\System32\ucrtbase.dll
0x00007ffda5990000 - 0x00007ffda59a8000 	C:\Program Files\Java\jdk-18.0.2\bin\jli.dll
0x00007ffda5c20000 - 0x00007ffda5c3a000 	C:\Program Files\Java\jdk-18.0.2\bin\VCRUNTIME140.dll
0x00007ffdabc80000 - 0x00007ffdabd2e000 	C:\WINDOWS\System32\ADVAPI32.dll
0x00007ffdabbd0000 - 0x00007ffdabc73000 	C:\WINDOWS\System32\msvcrt.dll
0x00007ffdac210000 - 0x00007ffdac2ae000 	C:\WINDOWS\System32\sechost.dll
0x00007ffdac7b0000 - 0x00007ffdac8d0000 	C:\WINDOWS\System32\RPCRT4.dll
0x00007ffdac8d0000 - 0x00007ffdaca7d000 	C:\WINDOWS\System32\USER32.dll
0x00007ffd8f8e0000 - 0x00007ffd8fb85000 	C:\WINDOWS\WinSxS\amd64_microsoft.windows.common-controls_6595b64144ccf1df_6.0.22000.120_none_9d947278b86cc467\COMCTL32.dll
0x00007ffdab490000 - 0x00007ffdab4b6000 	C:\WINDOWS\System32\win32u.dll
0x00007ffdad580000 - 0x00007ffdad5a9000 	C:\WINDOWS\System32\GDI32.dll
0x00007ffdab4c0000 - 0x00007ffdab5d8000 	C:\WINDOWS\System32\gdi32full.dll
0x00007ffdab380000 - 0x00007ffdab41d000 	C:\WINDOWS\System32\msvcp_win.dll
0x00007ffda2c40000 - 0x00007ffda2c4a000 	C:\WINDOWS\SYSTEM32\VERSION.dll
0x00007ffdac1d0000 - 0x00007ffdac202000 	C:\WINDOWS\System32\IMM32.DLL
0x00007ffda7680000 - 0x00007ffda768c000 	C:\Program Files\Java\jdk-18.0.2\bin\vcruntime140_1.dll
0x00007ffd7b940000 - 0x00007ffd7b9cd000 	C:\Program Files\Java\jdk-18.0.2\bin\msvcp140.dll
0x00007ffd4fd20000 - 0x00007ffd50931000 	C:\Program Files\Java\jdk-18.0.2\bin\server\jvm.dll
0x00007ffdacd40000 - 0x00007ffdacd48000 	C:\WINDOWS\System32\PSAPI.DLL
0x00007ffda5400000 - 0x00007ffda5433000 	C:\WINDOWS\SYSTEM32\WINMM.dll
0x00007ffda76d0000 - 0x00007ffda76d9000 	C:\WINDOWS\SYSTEM32\WSOCK32.dll
0x00007ffdabdf0000 - 0x00007ffdabe5f000 	C:\WINDOWS\System32\WS2_32.dll
0x00007ffdaa210000 - 0x00007ffdaa228000 	C:\WINDOWS\SYSTEM32\kernel.appcore.dll
0x00007ffda75f0000 - 0x00007ffda75fa000 	C:\Program Files\Java\jdk-18.0.2\bin\jimage.dll
0x00007ffda8de0000 - 0x00007ffda9001000 	C:\WINDOWS\SYSTEM32\DBGHELP.DLL
0x00007ffda03c0000 - 0x00007ffda03f1000 	C:\WINDOWS\SYSTEM32\dbgcore.DLL
0x00007ffdab0d0000 - 0x00007ffdab14f000 	C:\WINDOWS\System32\bcryptPrimitives.dll
0x00007ffd99630000 - 0x00007ffd99655000 	C:\Program Files\Java\jdk-18.0.2\bin\java.dll

dbghelp: loaded successfully - version: 4.0.5 - missing functions: none
symbol engine: initialized successfully - sym options: 0x614 - pdb path: .;C:\Program Files\Java\jdk-18.0.2\bin;C:\WINDOWS\SYSTEM32;C:\WINDOWS\WinSxS\amd64_microsoft.windows.common-controls_6595b64144ccf1df_6.0.22000.120_none_9d947278b86cc467;C:\Program Files\Java\jdk-18.0.2\bin\server

VM Arguments:
jvm_args: -Dfile.encoding=UTF-8 --module-path=C:\Users\satya\OneDrive\Documents\NetBeansProjects\library management system\build\classes 
java_command: statistics
java_class_path (initial): C:\Program Files\NetBeans-16\netbeans\java\modules\ext\AbsoluteLayout.jar;C:\mysql-connector-j-8.0.31\mysql-connector-j-8.0.31.jar;C:\Users\satya\Downloads\jcalendar-1.4.jar;C:\Users\satya\Downloads\rs2xml.jar;C:\Users\satya\OneDrive\Documents\NetBeansProjects\library management system\build\classes
Launcher Type: SUN_STANDARD

[Global flags]
     intx CICompilerCount                          = 4                                         {product} {ergonomic}
     uint ConcGCThreads                            = 3                                         {product} {ergonomic}
     uint G1ConcRefinementThreads                  = 10                                        {product} {ergonomic}
   size_t G1HeapRegionSize                         = 1048576                                   {product} {ergonomic}
    uintx GCDrainStackTargetSize                   = 64                                        {product} {ergonomic}
   size_t InitialHeapSize                          = 123731968                                 {product} {ergonomic}
   size_t MarkStackSize                            = 4194304                                   {product} {ergonomic}
   size_t MaxHeapSize                              = 1979711488                                {product} {ergonomic}
   size_t MinHeapDeltaBytes                        = 1048576                                   {product} {ergonomic}
   size_t MinHeapSize                              = 8388608                                   {product} {ergonomic}
    uintx NonNMethodCodeHeapSize                   = 5839372                                {pd product} {ergonomic}
    uintx NonProfiledCodeHeapSize                  = 122909434                              {pd product} {ergonomic}
    uintx ProfiledCodeHeapSize                     = 122909434                              {pd product} {ergonomic}
    uintx ReservedCodeCacheSize                    = 251658240                              {pd product} {ergonomic}
     bool SegmentedCodeCache                       = true                                      {product} {ergonomic}
   size_t SoftMaxHeapSize                          = 1979711488                             {manageable} {ergonomic}
     bool UseCompressedClassPointers               = true                           {product lp64_product} {ergonomic}
     bool UseCompressedOops                        = true                           {product lp64_product} {ergonomic}
     bool UseG1GC                                  = true                                      {product} {ergonomic}
     bool UseLargePagesIndividualAllocation        = false                                  {pd product} {ergonomic}

Logging:
Log output configuration:
 #0: stdout all=warning uptime,level,tags foldmultilines=false
 #1: stderr all=off uptime,level,tags foldmultilines=false

Environment Variables:
PATH=C:\Program Files\Common Files\Oracle\Java\javapath;C:\Windows\system32;C:\Windows;C:\Windows\System32\Wbem;C:\Windows\System32\WindowsPowerShell\v1.0\;C:\Windows\System32\OpenSSH\;C:\Program Files (x86)\NVIDIA Corporation\PhysX\Common;C:\Program Files\NVIDIA Corporation\NVIDIA NvDLISR;C:\MinGW\bin;C:\WINDOWS\system32;C:\WINDOWS;C:\WINDOWS\System32\Wbem;C:\WINDOWS\System32\WindowsPowerShell\v1.0\;C:\WINDOWS\System32\OpenSSH\;C:\Program Files\Git\cmd;C:\Program Files\MySQL\MySQL Server 8.0\bin;C:\Program Files\MySQL\MySQL Shell 8.0\bin\;C:\Users\satya\AppData\Local\Microsoft\WindowsApps;C:\Users\satya\AppData\Local\Programs\Microsoft VS Code\bin;;C:\Users\satya\IntelliJ IDEA Community Edition 2022.1.4\bin;
USERNAME=satyam sharma
OS=Windows_NT
PROCESSOR_IDENTIFIER=AMD64 Family 23 Model 96 Stepping 1, AuthenticAMD



---------------  S Y S T E M  ---------------

OS:
 Windows 11 , 64 bit Build 22000 (10.0.22000.1335)
OS uptime: 2 days 4:11 hours
Hyper-V role detected

CPU: total 12 (initial active 12) (12 cores per cpu, 2 threads per core) family 23 model 96 stepping 1 microcode 0x0, cx8, cmov, fxsr, ht, mmx, 3dnowpref, sse, sse2, sse3, ssse3, sse4a, sse4.1, sse4.2, popcnt, lzcnt, tsc, tscinvbit, avx, avx2, aes, clmul, bmi1, bmi2, adx, sha, fma, vzeroupper, clflush, clflushopt, hv

Memory: 4k page, system-wide physical 7549M (1214M free)
TotalPageFile size 11645M (AvailPageFile size 11M)
current process WorkingSet (physical memory assigned to process): 10M, peak: 10M
current process commit charge ("private bytes"): 64M, peak: 182M

vm_info: Java HotSpot(TM) 64-Bit Server VM (18.0.2+9-61) for windows-amd64 JRE (18.0.2+9-61), built on Jun  7 2022 13:09:01 by "mach5one" with MS VC++ 16.8 / 16.9 (VS2019)

END.
